# device=mps seed=1337
# corpus: 396 documents
# training BPE tokenizer...
# trained tokenizer (vocab=8192)
# tokens: train=998444 val=110938
# model params: 17,306,496
step     0 | loss 9.0962 | lr 3.33e-06 | 1.0s
step    20 | loss 8.2634 | lr 7.00e-05 | 17.2s
step    40 | loss 7.3035 | lr 1.37e-04 | 28.3s
step    60 | loss 6.4169 | lr 2.03e-04 | 39.3s
step    80 | loss 5.9930 | lr 2.70e-04 | 50.0s
step   100 | loss 5.3696 | lr 3.37e-04 | 60.9s
step   120 | loss 5.0056 | lr 4.00e-04 | 71.4s
step   140 | loss 4.8707 | lr 4.00e-04 | 81.6s
step   160 | loss 4.8056 | lr 4.00e-04 | 92.1s
step   180 | loss 4.5231 | lr 3.99e-04 | 102.9s
step   200 | loss 4.5935 | lr 3.98e-04 | 117.2s
step   220 | loss 4.2198 | lr 3.97e-04 | 136.4s
step   240 | loss 4.3253 | lr 3.96e-04 | 154.7s
  eval @ 250: val_loss 5.1188 | next-token acc 0.2465
step   260 | loss 4.0427 | lr 3.95e-04 | 188.1s
step   280 | loss 4.2846 | lr 3.93e-04 | 197.2s
step   300 | loss 3.9797 | lr 3.92e-04 | 206.3s
step   320 | loss 3.8652 | lr 3.90e-04 | 215.4s
step   340 | loss 4.0758 | lr 3.88e-04 | 224.6s
step   360 | loss 3.8531 | lr 3.85e-04 | 234.1s
step   380 | loss 3.7238 | lr 3.83e-04 | 244.0s
step   400 | loss 3.5281 | lr 3.80e-04 | 253.8s
step   420 | loss 3.5356 | lr 3.77e-04 | 263.4s
step   440 | loss 3.4627 | lr 3.74e-04 | 273.0s
step   460 | loss 3.5148 | lr 3.71e-04 | 282.6s
step   480 | loss 3.4812 | lr 3.68e-04 | 292.2s
step   500 | loss 3.1589 | lr 3.64e-04 | 301.8s
  eval @ 500: val_loss 4.8848 | next-token acc 0.2682
step   520 | loss 3.0835 | lr 3.60e-04 | 321.1s
step   540 | loss 3.1996 | lr 3.56e-04 | 330.7s
step   560 | loss 3.2388 | lr 3.52e-04 | 340.5s
step   580 | loss 2.9436 | lr 3.48e-04 | 350.4s
step   600 | loss 3.2943 | lr 3.44e-04 | 360.2s
step   620 | loss 3.2074 | lr 3.39e-04 | 370.3s
step   640 | loss 3.2725 | lr 3.34e-04 | 380.3s
step   660 | loss 3.1011 | lr 3.30e-04 | 390.2s
step   680 | loss 2.9447 | lr 3.25e-04 | 400.5s
step   700 | loss 3.0448 | lr 3.20e-04 | 410.5s
step   720 | loss 2.8543 | lr 3.15e-04 | 420.3s
step   740 | loss 2.8633 | lr 3.09e-04 | 430.4s
  eval @ 750: val_loss 4.7002 | next-token acc 0.2859
step   760 | loss 2.6192 | lr 3.04e-04 | 449.2s
step   780 | loss 2.6242 | lr 2.98e-04 | 459.1s
step   800 | loss 2.7749 | lr 2.93e-04 | 468.9s
step   820 | loss 2.7485 | lr 2.87e-04 | 478.9s
step   840 | loss 2.6848 | lr 2.81e-04 | 489.0s
step   860 | loss 2.5808 | lr 2.76e-04 | 498.0s
step   880 | loss 2.3263 | lr 2.70e-04 | 506.9s
step   900 | loss 2.3956 | lr 2.64e-04 | 515.9s
step   920 | loss 2.3669 | lr 2.58e-04 | 525.1s
step   940 | loss 2.5382 | lr 2.52e-04 | 534.1s
step   960 | loss 2.0218 | lr 2.46e-04 | 543.2s
step   980 | loss 2.4295 | lr 2.40e-04 | 552.2s
step  1000 | loss 2.4731 | lr 2.34e-04 | 561.3s
  eval @ 1000: val_loss 4.8536 | next-token acc 0.2793
step  1020 | loss 2.2077 | lr 2.27e-04 | 578.4s
step  1040 | loss 2.1870 | lr 2.21e-04 | 587.2s
step  1060 | loss 2.1377 | lr 2.15e-04 | 596.1s
step  1080 | loss 2.1995 | lr 2.09e-04 | 605.0s
step  1100 | loss 1.9982 | lr 2.03e-04 | 613.8s
step  1120 | loss 2.1627 | lr 1.96e-04 | 622.7s
step  1140 | loss 2.1205 | lr 1.90e-04 | 631.7s
step  1160 | loss 1.9805 | lr 1.84e-04 | 640.7s
step  1180 | loss 2.0052 | lr 1.78e-04 | 649.6s
step  1200 | loss 2.0927 | lr 1.72e-04 | 658.6s
step  1220 | loss 1.8100 | lr 1.66e-04 | 667.5s
step  1240 | loss 1.8782 | lr 1.60e-04 | 676.5s
  eval @ 1250: val_loss 4.9349 | next-token acc 0.2802
step  1260 | loss 1.7513 | lr 1.54e-04 | 704.4s
step  1280 | loss 1.9693 | lr 1.49e-04 | 722.2s
step  1300 | loss 1.6294 | lr 1.43e-04 | 740.3s
step  1320 | loss 1.6052 | lr 1.37e-04 | 756.2s
step  1340 | loss 1.6254 | lr 1.32e-04 | 775.2s
step  1360 | loss 1.7067 | lr 1.26e-04 | 795.2s
step  1380 | loss 1.6783 | lr 1.21e-04 | 806.4s
step  1400 | loss 1.8398 | lr 1.15e-04 | 817.1s
step  1420 | loss 1.6617 | lr 1.10e-04 | 827.2s
step  1440 | loss 1.5182 | lr 1.05e-04 | 837.0s
step  1460 | loss 1.5398 | lr 1.00e-04 | 847.6s
step  1480 | loss 1.5146 | lr 9.56e-05 | 858.6s
step  1500 | loss 1.6499 | lr 9.09e-05 | 870.0s
  eval @ 1500: val_loss 5.0563 | next-token acc 0.2792
step  1520 | loss 1.6485 | lr 8.64e-05 | 889.8s
step  1540 | loss 1.4958 | lr 8.20e-05 | 900.3s
step  1560 | loss 1.4898 | lr 7.78e-05 | 910.6s
step  1580 | loss 1.3023 | lr 7.37e-05 | 921.5s
step  1600 | loss 1.5644 | lr 6.98e-05 | 932.3s
step  1620 | loss 1.3434 | lr 6.61e-05 | 943.1s
step  1640 | loss 1.5453 | lr 6.25e-05 | 957.5s
step  1660 | loss 1.3547 | lr 5.91e-05 | 970.4s
step  1680 | loss 1.3162 | lr 5.58e-05 | 983.5s
step  1700 | loss 1.4657 | lr 5.28e-05 | 997.5s
step  1720 | loss 1.3133 | lr 4.99e-05 | 1011.3s
step  1740 | loss 1.5385 | lr 4.72e-05 | 1023.3s
  eval @ 1750: val_loss 5.1312 | next-token acc 0.2791
step  1760 | loss 1.2714 | lr 4.47e-05 | 1040.6s
step  1780 | loss 1.4331 | lr 4.24e-05 | 1050.2s
step  1800 | loss 1.4552 | lr 4.02e-05 | 1063.0s
step  1820 | loss 1.2756 | lr 3.83e-05 | 1076.5s
step  1840 | loss 1.4257 | lr 3.66e-05 | 1086.3s
step  1860 | loss 1.4681 | lr 3.50e-05 | 1096.0s
step  1880 | loss 1.4984 | lr 3.37e-05 | 1105.6s
step  1900 | loss 1.3381 | lr 3.26e-05 | 1115.2s
step  1920 | loss 1.2904 | lr 3.17e-05 | 1124.7s
step  1940 | loss 1.2559 | lr 3.09e-05 | 1134.4s
step  1960 | loss 1.3054 | lr 3.04e-05 | 1144.2s
step  1980 | loss 1.2782 | lr 3.01e-05 | 1153.8s
# DONE {'final_val_loss': 5.245882034301758, 'final_next_token_acc': 0.273125, 'best_val_loss': 4.700160980224609, 'steps': 2000, 'params': 17306496, 'vocab_size': 8192, 'elapsed_s': 1171.4}
